Building DAG of jobs...
Using shell: /usr/bin/bash
Provided cores: 1 (use --cores to define parallelism)
Rules claiming more threads will be scaled down.
Job stats:
job              count
-------------  -------
get_inventory        1
total                1

Select jobs to execute...
Execute 1 jobs...

[Thu May 30 13:38:32 2024]
localrule get_inventory:
    input: code/get_ghcnd_data.bash
    output: data/ghcnd-invenotry.txt
    jobid: 0
    reason: Missing output files: data/ghcnd-invenotry.txt
    resources: tmpdir=/tmp

[Thu May 30 13:38:32 2024]
Error in rule get_inventory:
    jobid: 0
    input: code/get_ghcnd_data.bash
    output: data/ghcnd-invenotry.txt
    shell:
        
        code/get_ghcnd_data.bash data/ghcnd-inventory.txt
        
        (one of the commands exited with non-zero exit code; note that snakemake uses bash strict mode!)

Shutting down, this might take some time.
Exiting because a job execution failed. Look above for error message
Complete log: .snakemake/log/2024-05-30T133831.914568.snakemake.log
WorkflowError:
At least one job did not complete successfully.
