Building DAG of jobs...
Using shell: /usr/bin/bash
Provided cores: 1 (use --cores to define parallelism)
Rules claiming more threads will be scaled down.
Job stats:
job                  count
-----------------  -------
get_all_filenames        1
get_station_data         1
targets                  1
total                    3

Select jobs to execute...
Execute 1 jobs...

[Thu May 30 11:13:27 2024]
localrule get_all_filenames:
    input: code/get_ghcnd_all_files.bash, data/ghcnd_all.tar.gz
    output: data/ghcnd_all_files.txt
    jobid: 2
    reason: Updated input files: code/get_ghcnd_all_files.bash
    resources: tmpdir=/tmp

Terminating processes on user request, this might take some time.
[Thu May 30 11:14:57 2024]
Error in rule get_all_filenames:
    jobid: 2
    input: code/get_ghcnd_all_files.bash, data/ghcnd_all.tar.gz
    output: data/ghcnd_all_files.txt
    shell:
        
        code/get_ghcnd_all_files.bash
        
        (one of the commands exited with non-zero exit code; note that snakemake uses bash strict mode!)

Complete log: .snakemake/log/2024-05-30T111327.683973.snakemake.log
WorkflowError:
At least one job did not complete successfully.
